[0.215s] DEBUG:colcon:Command line arguments: ['/usr/bin/colcon', 'build']
[0.215s] DEBUG:colcon:Parsed command line arguments: Namespace(log_base=None, log_level=None, verb_name='build', build_base='build', install_base='install', merge_install=False, symlink_install=False, test_result_base=None, continue_on_error=False, executor='parallel', parallel_workers=12, event_handlers=None, ignore_user_meta=False, metas=['./colcon.meta'], base_paths=['.'], packages_ignore=None, packages_ignore_regex=None, paths=None, packages_up_to=None, packages_up_to_regex=None, packages_above=None, packages_above_and_dependencies=None, packages_above_depth=None, packages_select_by_dep=None, packages_skip_by_dep=None, packages_skip_up_to=None, packages_select_build_failed=False, packages_skip_build_finished=False, packages_select_test_failures=False, packages_skip_test_passed=False, packages_select=None, packages_skip=None, packages_select_regex=None, packages_skip_regex=None, packages_start=None, packages_end=None, allow_overriding=[], cmake_args=None, cmake_target=None, cmake_target_skip_unavailable=False, cmake_clean_cache=False, cmake_clean_first=False, cmake_force_configure=False, ament_cmake_args=None, catkin_cmake_args=None, catkin_skip_building_tests=False, mixin_files=None, mixin=None, verb_parser=<colcon_mixin.mixin.mixin_argument.MixinArgumentDecorator object at 0x777c30085ae0>, verb_extension=<colcon_core.verb.build.BuildVerb object at 0x777c30085450>, main=<bound method BuildVerb.main of <colcon_core.verb.build.BuildVerb object at 0x777c30085450>>, mixin_verb=('build',))
[0.300s] Level 1:colcon.colcon_core.package_discovery:discover_packages(colcon_meta) check parameters
[0.300s] Level 1:colcon.colcon_core.package_discovery:discover_packages(recursive) check parameters
[0.301s] Level 1:colcon.colcon_core.package_discovery:discover_packages(ignore) check parameters
[0.301s] Level 1:colcon.colcon_core.package_discovery:discover_packages(path) check parameters
[0.301s] Level 1:colcon.colcon_core.package_discovery:discover_packages(colcon_meta) discover
[0.301s] Level 1:colcon.colcon_core.package_discovery:discover_packages(recursive) discover
[0.301s] INFO:colcon.colcon_core.package_discovery:Crawling recursively for packages in '/home/llagoeiro/Desktop/FEI/8_semestre/RoboticaProbFolder/proj2/ros2_ws'
[0.301s] Level 1:colcon.colcon_core.package_identification:_identify(.) by extensions ['ignore', 'ignore_ament_install']
[0.301s] Level 1:colcon.colcon_core.package_identification:_identify(.) by extension 'ignore'
[0.302s] Level 1:colcon.colcon_core.package_identification:_identify(.) by extension 'ignore_ament_install'
[0.302s] Level 1:colcon.colcon_core.package_identification:_identify(.) by extensions ['colcon_pkg']
[0.302s] Level 1:colcon.colcon_core.package_identification:_identify(.) by extension 'colcon_pkg'
[0.302s] Level 1:colcon.colcon_core.package_identification:_identify(.) by extensions ['colcon_meta']
[0.302s] Level 1:colcon.colcon_core.package_identification:_identify(.) by extension 'colcon_meta'
[0.302s] Level 1:colcon.colcon_core.package_identification:_identify(.) by extensions ['ros']
[0.302s] Level 1:colcon.colcon_core.package_identification:_identify(.) by extension 'ros'
[0.338s] Level 1:colcon.colcon_core.package_identification:_identify(.) by extensions ['cmake', 'python']
[0.339s] Level 1:colcon.colcon_core.package_identification:_identify(.) by extension 'cmake'
[0.339s] Level 1:colcon.colcon_core.package_identification:_identify(.) by extension 'python'
[0.339s] Level 1:colcon.colcon_core.package_identification:_identify(.) by extensions ['python_setup_py']
[0.339s] Level 1:colcon.colcon_core.package_identification:_identify(.) by extension 'python_setup_py'
[0.339s] Level 1:colcon.colcon_core.package_identification:_identify(build) by extensions ['ignore', 'ignore_ament_install']
[0.340s] Level 1:colcon.colcon_core.package_identification:_identify(build) by extension 'ignore'
[0.340s] Level 1:colcon.colcon_core.package_identification:_identify(build) ignored
[0.340s] Level 1:colcon.colcon_core.package_identification:_identify(install) by extensions ['ignore', 'ignore_ament_install']
[0.340s] Level 1:colcon.colcon_core.package_identification:_identify(install) by extension 'ignore'
[0.341s] Level 1:colcon.colcon_core.package_identification:_identify(install) ignored
[0.341s] Level 1:colcon.colcon_core.package_identification:_identify(log) by extensions ['ignore', 'ignore_ament_install']
[0.341s] Level 1:colcon.colcon_core.package_identification:_identify(log) by extension 'ignore'
[0.341s] Level 1:colcon.colcon_core.package_identification:_identify(log) ignored
[0.341s] Level 1:colcon.colcon_core.package_identification:_identify(src) by extensions ['ignore', 'ignore_ament_install']
[0.342s] Level 1:colcon.colcon_core.package_identification:_identify(src) by extension 'ignore'
[0.342s] Level 1:colcon.colcon_core.package_identification:_identify(src) by extension 'ignore_ament_install'
[0.342s] Level 1:colcon.colcon_core.package_identification:_identify(src) by extensions ['colcon_pkg']
[0.342s] Level 1:colcon.colcon_core.package_identification:_identify(src) by extension 'colcon_pkg'
[0.342s] Level 1:colcon.colcon_core.package_identification:_identify(src) by extensions ['colcon_meta']
[0.342s] Level 1:colcon.colcon_core.package_identification:_identify(src) by extension 'colcon_meta'
[0.342s] Level 1:colcon.colcon_core.package_identification:_identify(src) by extensions ['ros']
[0.342s] Level 1:colcon.colcon_core.package_identification:_identify(src) by extension 'ros'
[0.342s] Level 1:colcon.colcon_core.package_identification:_identify(src) by extensions ['cmake', 'python']
[0.343s] Level 1:colcon.colcon_core.package_identification:_identify(src) by extension 'cmake'
[0.343s] Level 1:colcon.colcon_core.package_identification:_identify(src) by extension 'python'
[0.343s] Level 1:colcon.colcon_core.package_identification:_identify(src) by extensions ['python_setup_py']
[0.343s] Level 1:colcon.colcon_core.package_identification:_identify(src) by extension 'python_setup_py'
[0.343s] Level 1:colcon.colcon_core.package_identification:_identify(src/aprendendo_ros2) by extensions ['ignore', 'ignore_ament_install']
[0.343s] Level 1:colcon.colcon_core.package_identification:_identify(src/aprendendo_ros2) by extension 'ignore'
[0.343s] Level 1:colcon.colcon_core.package_identification:_identify(src/aprendendo_ros2) by extension 'ignore_ament_install'
[0.343s] Level 1:colcon.colcon_core.package_identification:_identify(src/aprendendo_ros2) by extensions ['colcon_pkg']
[0.343s] Level 1:colcon.colcon_core.package_identification:_identify(src/aprendendo_ros2) by extension 'colcon_pkg'
[0.344s] Level 1:colcon.colcon_core.package_identification:_identify(src/aprendendo_ros2) by extensions ['colcon_meta']
[0.344s] Level 1:colcon.colcon_core.package_identification:_identify(src/aprendendo_ros2) by extension 'colcon_meta'
[0.344s] Level 1:colcon.colcon_core.package_identification:_identify(src/aprendendo_ros2) by extensions ['ros']
[0.344s] Level 1:colcon.colcon_core.package_identification:_identify(src/aprendendo_ros2) by extension 'ros'
[0.344s] Level 1:colcon.colcon_core.package_identification:_identify(src/aprendendo_ros2) by extensions ['cmake', 'python']
[0.344s] Level 1:colcon.colcon_core.package_identification:_identify(src/aprendendo_ros2) by extension 'cmake'
[0.344s] Level 1:colcon.colcon_core.package_identification:_identify(src/aprendendo_ros2) by extension 'python'
[0.344s] Level 1:colcon.colcon_core.package_identification:_identify(src/aprendendo_ros2) by extensions ['python_setup_py']
[0.344s] Level 1:colcon.colcon_core.package_identification:_identify(src/aprendendo_ros2) by extension 'python_setup_py'
[0.345s] Level 1:colcon.colcon_core.package_identification:_identify(src/aprendendo_ros2/build) by extensions ['ignore', 'ignore_ament_install']
[0.345s] Level 1:colcon.colcon_core.package_identification:_identify(src/aprendendo_ros2/build) by extension 'ignore'
[0.345s] Level 1:colcon.colcon_core.package_identification:_identify(src/aprendendo_ros2/build) ignored
[0.345s] Level 1:colcon.colcon_core.package_identification:_identify(src/aprendendo_ros2/install) by extensions ['ignore', 'ignore_ament_install']
[0.345s] Level 1:colcon.colcon_core.package_identification:_identify(src/aprendendo_ros2/install) by extension 'ignore'
[0.345s] Level 1:colcon.colcon_core.package_identification:_identify(src/aprendendo_ros2/install) ignored
[0.346s] Level 1:colcon.colcon_core.package_identification:_identify(src/aprendendo_ros2/log) by extensions ['ignore', 'ignore_ament_install']
[0.346s] Level 1:colcon.colcon_core.package_identification:_identify(src/aprendendo_ros2/log) by extension 'ignore'
[0.346s] Level 1:colcon.colcon_core.package_identification:_identify(src/aprendendo_ros2/log) ignored
[0.346s] Level 1:colcon.colcon_core.package_identification:_identify(src/aprendendo_ros2/src) by extensions ['ignore', 'ignore_ament_install']
[0.346s] Level 1:colcon.colcon_core.package_identification:_identify(src/aprendendo_ros2/src) by extension 'ignore'
[0.346s] Level 1:colcon.colcon_core.package_identification:_identify(src/aprendendo_ros2/src) by extension 'ignore_ament_install'
[0.346s] Level 1:colcon.colcon_core.package_identification:_identify(src/aprendendo_ros2/src) by extensions ['colcon_pkg']
[0.347s] Level 1:colcon.colcon_core.package_identification:_identify(src/aprendendo_ros2/src) by extension 'colcon_pkg'
[0.347s] Level 1:colcon.colcon_core.package_identification:_identify(src/aprendendo_ros2/src) by extensions ['colcon_meta']
[0.347s] Level 1:colcon.colcon_core.package_identification:_identify(src/aprendendo_ros2/src) by extension 'colcon_meta'
[0.347s] Level 1:colcon.colcon_core.package_identification:_identify(src/aprendendo_ros2/src) by extensions ['ros']
[0.347s] Level 1:colcon.colcon_core.package_identification:_identify(src/aprendendo_ros2/src) by extension 'ros'
[0.347s] Level 1:colcon.colcon_core.package_identification:_identify(src/aprendendo_ros2/src) by extensions ['cmake', 'python']
[0.347s] Level 1:colcon.colcon_core.package_identification:_identify(src/aprendendo_ros2/src) by extension 'cmake'
[0.347s] Level 1:colcon.colcon_core.package_identification:_identify(src/aprendendo_ros2/src) by extension 'python'
[0.347s] Level 1:colcon.colcon_core.package_identification:_identify(src/aprendendo_ros2/src) by extensions ['python_setup_py']
[0.347s] Level 1:colcon.colcon_core.package_identification:_identify(src/aprendendo_ros2/src) by extension 'python_setup_py'
[0.348s] Level 1:colcon.colcon_core.package_identification:_identify(src/aprendendo_ros2/src/pacote_de_exemplos) by extensions ['ignore', 'ignore_ament_install']
[0.348s] Level 1:colcon.colcon_core.package_identification:_identify(src/aprendendo_ros2/src/pacote_de_exemplos) by extension 'ignore'
[0.348s] Level 1:colcon.colcon_core.package_identification:_identify(src/aprendendo_ros2/src/pacote_de_exemplos) by extension 'ignore_ament_install'
[0.348s] Level 1:colcon.colcon_core.package_identification:_identify(src/aprendendo_ros2/src/pacote_de_exemplos) by extensions ['colcon_pkg']
[0.348s] Level 1:colcon.colcon_core.package_identification:_identify(src/aprendendo_ros2/src/pacote_de_exemplos) by extension 'colcon_pkg'
[0.348s] Level 1:colcon.colcon_core.package_identification:_identify(src/aprendendo_ros2/src/pacote_de_exemplos) by extensions ['colcon_meta']
[0.348s] Level 1:colcon.colcon_core.package_identification:_identify(src/aprendendo_ros2/src/pacote_de_exemplos) by extension 'colcon_meta'
[0.349s] Level 1:colcon.colcon_core.package_identification:_identify(src/aprendendo_ros2/src/pacote_de_exemplos) by extensions ['ros']
[0.349s] Level 1:colcon.colcon_core.package_identification:_identify(src/aprendendo_ros2/src/pacote_de_exemplos) by extension 'ros'
[0.354s] DEBUG:colcon.colcon_core.package_identification:Package 'src/aprendendo_ros2/src/pacote_de_exemplos' with type 'ros.ament_python' and name 'pacote_de_exemplos'
[0.355s] Level 1:colcon.colcon_core.package_discovery:discover_packages(recursive) using defaults
[0.355s] Level 1:colcon.colcon_core.package_discovery:discover_packages(ignore) discover
[0.355s] Level 1:colcon.colcon_core.package_discovery:discover_packages(ignore) using defaults
[0.355s] Level 1:colcon.colcon_core.package_discovery:discover_packages(path) discover
[0.355s] Level 1:colcon.colcon_core.package_discovery:discover_packages(path) using defaults
[0.403s] Level 1:colcon.colcon_core.package_discovery:discover_packages(prefix_path) check parameters
[0.403s] Level 1:colcon.colcon_core.package_discovery:discover_packages(prefix_path) discover
[0.405s] WARNING:colcon.colcon_ros.prefix_path.ament:The path '/home/llagoeiro/Desktop/FEI/8_semestre/RoboticaProbFolder/proj2/ros2_ws/install/pacote_de_exemplos' in the environment variable AMENT_PREFIX_PATH doesn't exist
[0.407s] DEBUG:colcon.colcon_installed_package_information.package_discovery:Found 0 installed packages in /home/llagoeiro/Desktop/FEI/8_semestre/RoboticaProbFolder/proj2/ros2_ws/install
[0.409s] DEBUG:colcon.colcon_installed_package_information.package_discovery:Found 335 installed packages in /opt/ros/humble
[0.412s] Level 1:colcon.colcon_core.package_discovery:discover_packages(prefix_path) using defaults
[0.491s] Level 5:colcon.colcon_core.verb:set package 'pacote_de_exemplos' build argument 'cmake_args' from command line to 'None'
[0.491s] Level 5:colcon.colcon_core.verb:set package 'pacote_de_exemplos' build argument 'cmake_target' from command line to 'None'
[0.491s] Level 5:colcon.colcon_core.verb:set package 'pacote_de_exemplos' build argument 'cmake_target_skip_unavailable' from command line to 'False'
[0.491s] Level 5:colcon.colcon_core.verb:set package 'pacote_de_exemplos' build argument 'cmake_clean_cache' from command line to 'False'
[0.491s] Level 5:colcon.colcon_core.verb:set package 'pacote_de_exemplos' build argument 'cmake_clean_first' from command line to 'False'
[0.491s] Level 5:colcon.colcon_core.verb:set package 'pacote_de_exemplos' build argument 'cmake_force_configure' from command line to 'False'
[0.491s] Level 5:colcon.colcon_core.verb:set package 'pacote_de_exemplos' build argument 'ament_cmake_args' from command line to 'None'
[0.491s] Level 5:colcon.colcon_core.verb:set package 'pacote_de_exemplos' build argument 'catkin_cmake_args' from command line to 'None'
[0.491s] Level 5:colcon.colcon_core.verb:set package 'pacote_de_exemplos' build argument 'catkin_skip_building_tests' from command line to 'False'
[0.491s] DEBUG:colcon.colcon_core.verb:Building package 'pacote_de_exemplos' with the following arguments: {'ament_cmake_args': None, 'build_base': '/home/llagoeiro/Desktop/FEI/8_semestre/RoboticaProbFolder/proj2/ros2_ws/build/pacote_de_exemplos', 'catkin_cmake_args': None, 'catkin_skip_building_tests': False, 'cmake_args': None, 'cmake_clean_cache': False, 'cmake_clean_first': False, 'cmake_force_configure': False, 'cmake_target': None, 'cmake_target_skip_unavailable': False, 'install_base': '/home/llagoeiro/Desktop/FEI/8_semestre/RoboticaProbFolder/proj2/ros2_ws/install/pacote_de_exemplos', 'merge_install': False, 'path': '/home/llagoeiro/Desktop/FEI/8_semestre/RoboticaProbFolder/proj2/ros2_ws/src/aprendendo_ros2/src/pacote_de_exemplos', 'symlink_install': False, 'test_result_base': None}
[0.492s] INFO:colcon.colcon_core.executor:Executing jobs using 'parallel' executor
[0.494s] DEBUG:colcon.colcon_parallel_executor.executor.parallel:run_until_complete
[0.494s] INFO:colcon.colcon_ros.task.ament_python.build:Building ROS package in '/home/llagoeiro/Desktop/FEI/8_semestre/RoboticaProbFolder/proj2/ros2_ws/src/aprendendo_ros2/src/pacote_de_exemplos' with build type 'ament_python'
[0.495s] Level 1:colcon.colcon_core.shell:create_environment_hook('pacote_de_exemplos', 'ament_prefix_path')
[0.501s] INFO:colcon.colcon_core.plugin_system:Skipping extension 'colcon_core.shell.bat': Not used on non-Windows systems
[0.501s] INFO:colcon.colcon_core.shell:Creating environment hook '/home/llagoeiro/Desktop/FEI/8_semestre/RoboticaProbFolder/proj2/ros2_ws/install/pacote_de_exemplos/share/pacote_de_exemplos/hook/ament_prefix_path.ps1'
[0.502s] INFO:colcon.colcon_core.shell:Creating environment descriptor '/home/llagoeiro/Desktop/FEI/8_semestre/RoboticaProbFolder/proj2/ros2_ws/install/pacote_de_exemplos/share/pacote_de_exemplos/hook/ament_prefix_path.dsv'
[0.503s] INFO:colcon.colcon_core.shell:Creating environment hook '/home/llagoeiro/Desktop/FEI/8_semestre/RoboticaProbFolder/proj2/ros2_ws/install/pacote_de_exemplos/share/pacote_de_exemplos/hook/ament_prefix_path.sh'
[0.504s] INFO:colcon.colcon_core.shell:Skip shell extension 'powershell' for command environment: Not usable outside of PowerShell
[0.504s] DEBUG:colcon.colcon_core.shell:Skip shell extension 'dsv' for command environment
[0.942s] INFO:colcon.colcon_core.task.python.build:Building Python package in '/home/llagoeiro/Desktop/FEI/8_semestre/RoboticaProbFolder/proj2/ros2_ws/src/aprendendo_ros2/src/pacote_de_exemplos'
[0.943s] INFO:colcon.colcon_core.shell:Skip shell extension 'powershell' for command environment: Not usable outside of PowerShell
[0.943s] DEBUG:colcon.colcon_core.shell:Skip shell extension 'dsv' for command environment
[1.979s] DEBUG:colcon.colcon_core.event_handler.log_command:Invoking command in '/home/llagoeiro/Desktop/FEI/8_semestre/RoboticaProbFolder/proj2/ros2_ws/src/aprendendo_ros2/src/pacote_de_exemplos': PYTHONPATH=/home/llagoeiro/Desktop/FEI/8_semestre/RoboticaProbFolder/proj2/ros2_ws/build/pacote_de_exemplos/prefix_override:/usr/lib/python3/dist-packages/colcon_core/task/python/colcon_distutils_commands:/home/llagoeiro/Desktop/FEI/8_semestre/RoboticaProbFolder/proj2/ros2_ws/install/pacote_de_exemplos/lib/python3.10/site-packages:${PYTHONPATH} /usr/bin/python3 -W ignore:setup.py install is deprecated setup.py egg_info --egg-base ../../../../build/pacote_de_exemplos build --build-base /home/llagoeiro/Desktop/FEI/8_semestre/RoboticaProbFolder/proj2/ros2_ws/build/pacote_de_exemplos/build install --record /home/llagoeiro/Desktop/FEI/8_semestre/RoboticaProbFolder/proj2/ros2_ws/build/pacote_de_exemplos/install.log --single-version-externally-managed install_data
[3.116s] DEBUG:colcon.colcon_core.event_handler.log_command:Invoked command in '/home/llagoeiro/Desktop/FEI/8_semestre/RoboticaProbFolder/proj2/ros2_ws/src/aprendendo_ros2/src/pacote_de_exemplos' returned '0': PYTHONPATH=/home/llagoeiro/Desktop/FEI/8_semestre/RoboticaProbFolder/proj2/ros2_ws/build/pacote_de_exemplos/prefix_override:/usr/lib/python3/dist-packages/colcon_core/task/python/colcon_distutils_commands:/home/llagoeiro/Desktop/FEI/8_semestre/RoboticaProbFolder/proj2/ros2_ws/install/pacote_de_exemplos/lib/python3.10/site-packages:${PYTHONPATH} /usr/bin/python3 -W ignore:setup.py install is deprecated setup.py egg_info --egg-base ../../../../build/pacote_de_exemplos build --build-base /home/llagoeiro/Desktop/FEI/8_semestre/RoboticaProbFolder/proj2/ros2_ws/build/pacote_de_exemplos/build install --record /home/llagoeiro/Desktop/FEI/8_semestre/RoboticaProbFolder/proj2/ros2_ws/build/pacote_de_exemplos/install.log --single-version-externally-managed install_data
[3.119s] Level 1:colcon.colcon_core.environment:checking '/home/llagoeiro/Desktop/FEI/8_semestre/RoboticaProbFolder/proj2/ros2_ws/install/pacote_de_exemplos' for CMake module files
[3.120s] Level 1:colcon.colcon_core.environment:checking '/home/llagoeiro/Desktop/FEI/8_semestre/RoboticaProbFolder/proj2/ros2_ws/install/pacote_de_exemplos' for CMake config files
[3.121s] Level 1:colcon.colcon_core.environment:checking '/home/llagoeiro/Desktop/FEI/8_semestre/RoboticaProbFolder/proj2/ros2_ws/install/pacote_de_exemplos/lib'
[3.122s] Level 1:colcon.colcon_core.environment:checking '/home/llagoeiro/Desktop/FEI/8_semestre/RoboticaProbFolder/proj2/ros2_ws/install/pacote_de_exemplos/bin'
[3.122s] Level 1:colcon.colcon_core.environment:checking '/home/llagoeiro/Desktop/FEI/8_semestre/RoboticaProbFolder/proj2/ros2_ws/install/pacote_de_exemplos/lib/pkgconfig/pacote_de_exemplos.pc'
[3.122s] Level 1:colcon.colcon_core.environment:checking '/home/llagoeiro/Desktop/FEI/8_semestre/RoboticaProbFolder/proj2/ros2_ws/install/pacote_de_exemplos/lib/python3.10/site-packages'
[3.122s] Level 1:colcon.colcon_core.shell:create_environment_hook('pacote_de_exemplos', 'pythonpath')
[3.123s] INFO:colcon.colcon_core.shell:Creating environment hook '/home/llagoeiro/Desktop/FEI/8_semestre/RoboticaProbFolder/proj2/ros2_ws/install/pacote_de_exemplos/share/pacote_de_exemplos/hook/pythonpath.ps1'
[3.124s] INFO:colcon.colcon_core.shell:Creating environment descriptor '/home/llagoeiro/Desktop/FEI/8_semestre/RoboticaProbFolder/proj2/ros2_ws/install/pacote_de_exemplos/share/pacote_de_exemplos/hook/pythonpath.dsv'
[3.124s] INFO:colcon.colcon_core.shell:Creating environment hook '/home/llagoeiro/Desktop/FEI/8_semestre/RoboticaProbFolder/proj2/ros2_ws/install/pacote_de_exemplos/share/pacote_de_exemplos/hook/pythonpath.sh'
[3.125s] Level 1:colcon.colcon_core.environment:checking '/home/llagoeiro/Desktop/FEI/8_semestre/RoboticaProbFolder/proj2/ros2_ws/install/pacote_de_exemplos/bin'
[3.126s] Level 1:colcon.colcon_core.environment:create_environment_scripts_only(pacote_de_exemplos)
[3.126s] INFO:colcon.colcon_core.shell:Creating package script '/home/llagoeiro/Desktop/FEI/8_semestre/RoboticaProbFolder/proj2/ros2_ws/install/pacote_de_exemplos/share/pacote_de_exemplos/package.ps1'
[3.128s] INFO:colcon.colcon_core.shell:Creating package descriptor '/home/llagoeiro/Desktop/FEI/8_semestre/RoboticaProbFolder/proj2/ros2_ws/install/pacote_de_exemplos/share/pacote_de_exemplos/package.dsv'
[3.129s] INFO:colcon.colcon_core.shell:Creating package script '/home/llagoeiro/Desktop/FEI/8_semestre/RoboticaProbFolder/proj2/ros2_ws/install/pacote_de_exemplos/share/pacote_de_exemplos/package.sh'
[3.130s] INFO:colcon.colcon_core.shell:Creating package script '/home/llagoeiro/Desktop/FEI/8_semestre/RoboticaProbFolder/proj2/ros2_ws/install/pacote_de_exemplos/share/pacote_de_exemplos/package.bash'
[3.131s] INFO:colcon.colcon_core.shell:Creating package script '/home/llagoeiro/Desktop/FEI/8_semestre/RoboticaProbFolder/proj2/ros2_ws/install/pacote_de_exemplos/share/pacote_de_exemplos/package.zsh'
[3.131s] Level 1:colcon.colcon_core.environment:create_file_with_runtime_dependencies(/home/llagoeiro/Desktop/FEI/8_semestre/RoboticaProbFolder/proj2/ros2_ws/install/pacote_de_exemplos/share/colcon-core/packages/pacote_de_exemplos)
[3.132s] DEBUG:colcon.colcon_parallel_executor.executor.parallel:closing loop
[3.133s] DEBUG:colcon.colcon_parallel_executor.executor.parallel:loop closed
[3.133s] DEBUG:colcon.colcon_parallel_executor.executor.parallel:run_until_complete finished with '0'
[3.133s] DEBUG:colcon.colcon_core.event_reactor:joining thread
[3.142s] INFO:colcon.colcon_core.plugin_system:Skipping extension 'colcon_notification.desktop_notification.terminal_notifier': Not used on non-Darwin systems
[3.142s] INFO:colcon.colcon_core.plugin_system:Skipping extension 'colcon_notification.desktop_notification.win32': Not used on non-Windows systems
[3.143s] INFO:colcon.colcon_notification.desktop_notification:Sending desktop notification using 'notify2'
[3.168s] DEBUG:colcon.colcon_core.event_reactor:joined thread
[3.169s] INFO:colcon.colcon_core.shell:Creating prefix script '/home/llagoeiro/Desktop/FEI/8_semestre/RoboticaProbFolder/proj2/ros2_ws/install/local_setup.ps1'
[3.171s] INFO:colcon.colcon_core.shell:Creating prefix util module '/home/llagoeiro/Desktop/FEI/8_semestre/RoboticaProbFolder/proj2/ros2_ws/install/_local_setup_util_ps1.py'
[3.172s] INFO:colcon.colcon_core.shell:Creating prefix chain script '/home/llagoeiro/Desktop/FEI/8_semestre/RoboticaProbFolder/proj2/ros2_ws/install/setup.ps1'
[3.174s] INFO:colcon.colcon_core.shell:Creating prefix script '/home/llagoeiro/Desktop/FEI/8_semestre/RoboticaProbFolder/proj2/ros2_ws/install/local_setup.sh'
[3.174s] INFO:colcon.colcon_core.shell:Creating prefix util module '/home/llagoeiro/Desktop/FEI/8_semestre/RoboticaProbFolder/proj2/ros2_ws/install/_local_setup_util_sh.py'
[3.175s] INFO:colcon.colcon_core.shell:Creating prefix chain script '/home/llagoeiro/Desktop/FEI/8_semestre/RoboticaProbFolder/proj2/ros2_ws/install/setup.sh'
[3.178s] INFO:colcon.colcon_core.shell:Creating prefix script '/home/llagoeiro/Desktop/FEI/8_semestre/RoboticaProbFolder/proj2/ros2_ws/install/local_setup.bash'
[3.179s] INFO:colcon.colcon_core.shell:Creating prefix chain script '/home/llagoeiro/Desktop/FEI/8_semestre/RoboticaProbFolder/proj2/ros2_ws/install/setup.bash'
[3.183s] INFO:colcon.colcon_core.shell:Creating prefix script '/home/llagoeiro/Desktop/FEI/8_semestre/RoboticaProbFolder/proj2/ros2_ws/install/local_setup.zsh'
[3.185s] INFO:colcon.colcon_core.shell:Creating prefix chain script '/home/llagoeiro/Desktop/FEI/8_semestre/RoboticaProbFolder/proj2/ros2_ws/install/setup.zsh'
