/home/llagoeiro/Desktop/FEI/8_semestre/RoboticaProbFolder/proj2/ros2_ws/install/pacote_de_exemplos/lib/python3.10/site-packages/pacote_de_exemplos/__init__.py
/home/llagoeiro/Desktop/FEI/8_semestre/RoboticaProbFolder/proj2/ros2_ws/install/pacote_de_exemplos/lib/python3.10/site-packages/pacote_de_exemplos/r2d2.py
/home/llagoeiro/Desktop/FEI/8_semestre/RoboticaProbFolder/proj2/ros2_ws/install/pacote_de_exemplos/lib/python3.10/site-packages/pacote_de_exemplos/mapping.py
/home/llagoeiro/Desktop/FEI/8_semestre/RoboticaProbFolder/proj2/ros2_ws/install/pacote_de_exemplos/lib/python3.10/site-packages/pacote_de_exemplos/lidar_to_grid_map.py
/home/llagoeiro/Desktop/FEI/8_semestre/RoboticaProbFolder/proj2/ros2_ws/install/pacote_de_exemplos/lib/python3.10/site-packages/pacote_de_exemplos/lasers.py
/home/llagoeiro/Desktop/FEI/8_semestre/RoboticaProbFolder/proj2/ros2_ws/install/pacote_de_exemplos/lib/python3.10/site-packages/pacote_de_exemplos/robot.py
/home/llagoeiro/Desktop/FEI/8_semestre/RoboticaProbFolder/proj2/ros2_ws/install/pacote_de_exemplos/lib/python3.10/site-packages/pacote_de_exemplos/__pycache__/__init__.cpython-310.pyc
/home/llagoeiro/Desktop/FEI/8_semestre/RoboticaProbFolder/proj2/ros2_ws/install/pacote_de_exemplos/lib/python3.10/site-packages/pacote_de_exemplos/__pycache__/r2d2.cpython-310.pyc
/home/llagoeiro/Desktop/FEI/8_semestre/RoboticaProbFolder/proj2/ros2_ws/install/pacote_de_exemplos/lib/python3.10/site-packages/pacote_de_exemplos/__pycache__/mapping.cpython-310.pyc
/home/llagoeiro/Desktop/FEI/8_semestre/RoboticaProbFolder/proj2/ros2_ws/install/pacote_de_exemplos/lib/python3.10/site-packages/pacote_de_exemplos/__pycache__/lidar_to_grid_map.cpython-310.pyc
/home/llagoeiro/Desktop/FEI/8_semestre/RoboticaProbFolder/proj2/ros2_ws/install/pacote_de_exemplos/lib/python3.10/site-packages/pacote_de_exemplos/__pycache__/lasers.cpython-310.pyc
/home/llagoeiro/Desktop/FEI/8_semestre/RoboticaProbFolder/proj2/ros2_ws/install/pacote_de_exemplos/lib/python3.10/site-packages/pacote_de_exemplos/__pycache__/robot.cpython-310.pyc
/home/llagoeiro/Desktop/FEI/8_semestre/RoboticaProbFolder/proj2/ros2_ws/install/pacote_de_exemplos/share/ament_index/resource_index/packages/pacote_de_exemplos
/home/llagoeiro/Desktop/FEI/8_semestre/RoboticaProbFolder/proj2/ros2_ws/install/pacote_de_exemplos/share/pacote_de_exemplos/package.xml
/home/llagoeiro/Desktop/FEI/8_semestre/RoboticaProbFolder/proj2/ros2_ws/install/pacote_de_exemplos/share/pacote_de_exemplos/config/Default.perspective
/home/llagoeiro/Desktop/FEI/8_semestre/RoboticaProbFolder/proj2/ros2_ws/install/pacote_de_exemplos/share/pacote_de_exemplos/config/rviz/navigation.rviz
/home/llagoeiro/Desktop/FEI/8_semestre/RoboticaProbFolder/proj2/ros2_ws/install/pacote_de_exemplos/share/pacote_de_exemplos/config/rviz/mapping_slam_toolbox.rviz
/home/llagoeiro/Desktop/FEI/8_semestre/RoboticaProbFolder/proj2/ros2_ws/install/pacote_de_exemplos/share/pacote_de_exemplos/config/rviz/mapping_cartographer.rviz
/home/llagoeiro/Desktop/FEI/8_semestre/RoboticaProbFolder/proj2/ros2_ws/install/pacote_de_exemplos/share/pacote_de_exemplos/config/rviz/robot.rviz
/home/llagoeiro/Desktop/FEI/8_semestre/RoboticaProbFolder/proj2/ros2_ws/install/pacote_de_exemplos/share/pacote_de_exemplos/config/nav/ekf.yaml
/home/llagoeiro/Desktop/FEI/8_semestre/RoboticaProbFolder/proj2/ros2_ws/install/pacote_de_exemplos/share/pacote_de_exemplos/config/nav/slam_toolbox.yaml
/home/llagoeiro/Desktop/FEI/8_semestre/RoboticaProbFolder/proj2/ros2_ws/install/pacote_de_exemplos/share/pacote_de_exemplos/config/nav/cartographer.lua
/home/llagoeiro/Desktop/FEI/8_semestre/RoboticaProbFolder/proj2/ros2_ws/install/pacote_de_exemplos/share/pacote_de_exemplos/config/nav/nav2_params.yaml
/home/llagoeiro/Desktop/FEI/8_semestre/RoboticaProbFolder/proj2/ros2_ws/install/pacote_de_exemplos/share/pacote_de_exemplos/config/map/checkpoints.json
/home/llagoeiro/Desktop/FEI/8_semestre/RoboticaProbFolder/proj2/ros2_ws/install/pacote_de_exemplos/share/pacote_de_exemplos/config/map/map.pgm
/home/llagoeiro/Desktop/FEI/8_semestre/RoboticaProbFolder/proj2/ros2_ws/install/pacote_de_exemplos/share/pacote_de_exemplos/config/map/map.yaml
/home/llagoeiro/Desktop/FEI/8_semestre/RoboticaProbFolder/proj2/ros2_ws/install/pacote_de_exemplos/share/pacote_de_exemplos/launch/turtlebot.launch.py
/home/llagoeiro/Desktop/FEI/8_semestre/RoboticaProbFolder/proj2/ros2_ws/install/pacote_de_exemplos/share/pacote_de_exemplos/launch/mapping_slam_toolbox.launch.py
/home/llagoeiro/Desktop/FEI/8_semestre/RoboticaProbFolder/proj2/ros2_ws/install/pacote_de_exemplos/share/pacote_de_exemplos/launch/mapping_cartographer.launch.py
/home/llagoeiro/Desktop/FEI/8_semestre/RoboticaProbFolder/proj2/ros2_ws/install/pacote_de_exemplos/share/pacote_de_exemplos/launch/display.launch.py
/home/llagoeiro/Desktop/FEI/8_semestre/RoboticaProbFolder/proj2/ros2_ws/install/pacote_de_exemplos/share/pacote_de_exemplos/launch/exemplo.launch.py
/home/llagoeiro/Desktop/FEI/8_semestre/RoboticaProbFolder/proj2/ros2_ws/install/pacote_de_exemplos/share/pacote_de_exemplos/launch/simulation.launch.py
/home/llagoeiro/Desktop/FEI/8_semestre/RoboticaProbFolder/proj2/ros2_ws/install/pacote_de_exemplos/share/pacote_de_exemplos/launch/load.launch.py
/home/llagoeiro/Desktop/FEI/8_semestre/RoboticaProbFolder/proj2/ros2_ws/install/pacote_de_exemplos/share/pacote_de_exemplos/launch/navigation2.launch.py
/home/llagoeiro/Desktop/FEI/8_semestre/RoboticaProbFolder/proj2/ros2_ws/install/pacote_de_exemplos/share/pacote_de_exemplos/launch/load_turtlebot.launch.py
/home/llagoeiro/Desktop/FEI/8_semestre/RoboticaProbFolder/proj2/ros2_ws/install/pacote_de_exemplos/share/pacote_de_exemplos/launch/navigation.launch.py
/home/llagoeiro/Desktop/FEI/8_semestre/RoboticaProbFolder/proj2/ros2_ws/install/pacote_de_exemplos/share/pacote_de_exemplos/simulation/worlds/simple_room_with_gaps.world
/home/llagoeiro/Desktop/FEI/8_semestre/RoboticaProbFolder/proj2/ros2_ws/install/pacote_de_exemplos/share/pacote_de_exemplos/simulation/worlds/simple_room.world
/home/llagoeiro/Desktop/FEI/8_semestre/RoboticaProbFolder/proj2/ros2_ws/install/pacote_de_exemplos/share/pacote_de_exemplos/simulation/worlds/simple_room_with_fixed_boxes.world
/home/llagoeiro/Desktop/FEI/8_semestre/RoboticaProbFolder/proj2/ros2_ws/install/pacote_de_exemplos/share/pacote_de_exemplos/simulation/worlds/simple_room_with_random_boxes.world
/home/llagoeiro/Desktop/FEI/8_semestre/RoboticaProbFolder/proj2/ros2_ws/install/pacote_de_exemplos/share/pacote_de_exemplos/simulation/worlds/empty.world
/home/llagoeiro/Desktop/FEI/8_semestre/RoboticaProbFolder/proj2/ros2_ws/install/pacote_de_exemplos/share/pacote_de_exemplos/simulation/models/box/model.sdf
/home/llagoeiro/Desktop/FEI/8_semestre/RoboticaProbFolder/proj2/ros2_ws/install/pacote_de_exemplos/share/pacote_de_exemplos/simulation/models/box/model.config
/home/llagoeiro/Desktop/FEI/8_semestre/RoboticaProbFolder/proj2/ros2_ws/install/pacote_de_exemplos/share/pacote_de_exemplos/simulation/models/r2d2/model.sdf
/home/llagoeiro/Desktop/FEI/8_semestre/RoboticaProbFolder/proj2/ros2_ws/install/pacote_de_exemplos/share/pacote_de_exemplos/simulation/models/r2d2/model.config
/home/llagoeiro/Desktop/FEI/8_semestre/RoboticaProbFolder/proj2/ros2_ws/install/pacote_de_exemplos/share/pacote_de_exemplos/simulation/models/simple_room/model.sdf
/home/llagoeiro/Desktop/FEI/8_semestre/RoboticaProbFolder/proj2/ros2_ws/install/pacote_de_exemplos/share/pacote_de_exemplos/simulation/models/simple_room/model.config
/home/llagoeiro/Desktop/FEI/8_semestre/RoboticaProbFolder/proj2/ros2_ws/install/pacote_de_exemplos/share/pacote_de_exemplos/simulation/models/wood_square/model.sdf
/home/llagoeiro/Desktop/FEI/8_semestre/RoboticaProbFolder/proj2/ros2_ws/install/pacote_de_exemplos/share/pacote_de_exemplos/simulation/models/wood_square/model.config
/home/llagoeiro/Desktop/FEI/8_semestre/RoboticaProbFolder/proj2/ros2_ws/install/pacote_de_exemplos/share/pacote_de_exemplos/urdf/robot.urdf
/home/llagoeiro/Desktop/FEI/8_semestre/RoboticaProbFolder/proj2/ros2_ws/install/pacote_de_exemplos/share/pacote_de_exemplos/urdf/myfirstrobot.urdf
/home/llagoeiro/Desktop/FEI/8_semestre/RoboticaProbFolder/proj2/ros2_ws/install/pacote_de_exemplos/share/pacote_de_exemplos/urdf/sam_bot_description.urdf
/home/llagoeiro/Desktop/FEI/8_semestre/RoboticaProbFolder/proj2/ros2_ws/install/pacote_de_exemplos/share/pacote_de_exemplos/urdf/myfirstrobot.urdf.xacro
/home/llagoeiro/Desktop/FEI/8_semestre/RoboticaProbFolder/proj2/ros2_ws/install/pacote_de_exemplos/share/pacote_de_exemplos/urdf/macros/properties.urdf.xacro
/home/llagoeiro/Desktop/FEI/8_semestre/RoboticaProbFolder/proj2/ros2_ws/install/pacote_de_exemplos/share/pacote_de_exemplos/urdf/macros/link_geometry.urdf.xacro
/home/llagoeiro/Desktop/FEI/8_semestre/RoboticaProbFolder/proj2/ros2_ws/install/pacote_de_exemplos/share/pacote_de_exemplos/urdf/macros/parts/head.urdf.xacro
/home/llagoeiro/Desktop/FEI/8_semestre/RoboticaProbFolder/proj2/ros2_ws/install/pacote_de_exemplos/share/pacote_de_exemplos/urdf/macros/parts/wheel.urdf.xacro
/home/llagoeiro/Desktop/FEI/8_semestre/RoboticaProbFolder/proj2/ros2_ws/install/pacote_de_exemplos/share/pacote_de_exemplos/urdf/macros/parts/base.urdf.xacro
/home/llagoeiro/Desktop/FEI/8_semestre/RoboticaProbFolder/proj2/ros2_ws/install/pacote_de_exemplos/share/pacote_de_exemplos/urdf/macros/parts/leg.urdf.xacro
/home/llagoeiro/Desktop/FEI/8_semestre/RoboticaProbFolder/proj2/ros2_ws/install/pacote_de_exemplos/share/pacote_de_exemplos/urdf/simulation/gazebo_laser.urdf.xacro
/home/llagoeiro/Desktop/FEI/8_semestre/RoboticaProbFolder/proj2/ros2_ws/install/pacote_de_exemplos/share/pacote_de_exemplos/urdf/simulation/gazebo_base.urdf.xacro
/home/llagoeiro/Desktop/FEI/8_semestre/RoboticaProbFolder/proj2/ros2_ws/install/pacote_de_exemplos/share/pacote_de_exemplos/urdf/simulation/gazebo_camera.urdf.xacro
/home/llagoeiro/Desktop/FEI/8_semestre/RoboticaProbFolder/proj2/ros2_ws/install/pacote_de_exemplos/share/pacote_de_exemplos/urdf/simulation/imu.urdf.xacro
/home/llagoeiro/Desktop/FEI/8_semestre/RoboticaProbFolder/proj2/ros2_ws/install/pacote_de_exemplos/lib/python3.10/site-packages/pacote_de_exemplos-0.0.0-py3.10.egg-info/SOURCES.txt
/home/llagoeiro/Desktop/FEI/8_semestre/RoboticaProbFolder/proj2/ros2_ws/install/pacote_de_exemplos/lib/python3.10/site-packages/pacote_de_exemplos-0.0.0-py3.10.egg-info/top_level.txt
/home/llagoeiro/Desktop/FEI/8_semestre/RoboticaProbFolder/proj2/ros2_ws/install/pacote_de_exemplos/lib/python3.10/site-packages/pacote_de_exemplos-0.0.0-py3.10.egg-info/dependency_links.txt
/home/llagoeiro/Desktop/FEI/8_semestre/RoboticaProbFolder/proj2/ros2_ws/install/pacote_de_exemplos/lib/python3.10/site-packages/pacote_de_exemplos-0.0.0-py3.10.egg-info/PKG-INFO
/home/llagoeiro/Desktop/FEI/8_semestre/RoboticaProbFolder/proj2/ros2_ws/install/pacote_de_exemplos/lib/python3.10/site-packages/pacote_de_exemplos-0.0.0-py3.10.egg-info/entry_points.txt
/home/llagoeiro/Desktop/FEI/8_semestre/RoboticaProbFolder/proj2/ros2_ws/install/pacote_de_exemplos/lib/python3.10/site-packages/pacote_de_exemplos-0.0.0-py3.10.egg-info/zip-safe
/home/llagoeiro/Desktop/FEI/8_semestre/RoboticaProbFolder/proj2/ros2_ws/install/pacote_de_exemplos/lib/python3.10/site-packages/pacote_de_exemplos-0.0.0-py3.10.egg-info/requires.txt
/home/llagoeiro/Desktop/FEI/8_semestre/RoboticaProbFolder/proj2/ros2_ws/install/pacote_de_exemplos/lib/pacote_de_exemplos/checkpoints
/home/llagoeiro/Desktop/FEI/8_semestre/RoboticaProbFolder/proj2/ros2_ws/install/pacote_de_exemplos/lib/pacote_de_exemplos/lasers
/home/llagoeiro/Desktop/FEI/8_semestre/RoboticaProbFolder/proj2/ros2_ws/install/pacote_de_exemplos/lib/pacote_de_exemplos/lidar_to_grid_map
/home/llagoeiro/Desktop/FEI/8_semestre/RoboticaProbFolder/proj2/ros2_ws/install/pacote_de_exemplos/lib/pacote_de_exemplos/mapping
/home/llagoeiro/Desktop/FEI/8_semestre/RoboticaProbFolder/proj2/ros2_ws/install/pacote_de_exemplos/lib/pacote_de_exemplos/no_com_classe
/home/llagoeiro/Desktop/FEI/8_semestre/RoboticaProbFolder/proj2/ros2_ws/install/pacote_de_exemplos/lib/pacote_de_exemplos/no_simples
/home/llagoeiro/Desktop/FEI/8_semestre/RoboticaProbFolder/proj2/ros2_ws/install/pacote_de_exemplos/lib/pacote_de_exemplos/r2d2
